[2019-08-28 09:20:48] production.ERROR: Symfony\Component\HttpKernel\Exception\NotFoundHttpException in /usr/share/nginx/html/vendor/laravel/lumen-framework/src/Concerns/RoutesRequests.php:229
Stack trace:
#0 /usr/share/nginx/html/vendor/laravel/lumen-framework/src/Concerns/RoutesRequests.php(169): Laravel\Lumen\Application->handleDispatcherResponse(Array)
#1 [internal function]: Laravel\Lumen\Application->Laravel\Lumen\Concerns\{closure}(Object(Laravel\Lumen\Http\Request))
#2 /usr/share/nginx/html/vendor/laravel/lumen-framework/src/Routing/Pipeline.php(52): call_user_func(Object(Closure), Object(Laravel\Lumen\Http\Request))
#3 /usr/share/nginx/html/vendor/illuminate/session/Middleware/StartSession.php(56): Laravel\Lumen\Routing\Pipeline->Laravel\Lumen\Routing\{closure}(Object(Laravel\Lumen\Http\Request))
#4 /usr/share/nginx/html/vendor/illuminate/pipeline/Pipeline.php(163): Illuminate\Session\Middleware\StartSession->handle(Object(Laravel\Lumen\Http\Request), Object(Closure))
#5 [internal function]: Illuminate\Pipeline\Pipeline->Illuminate\Pipeline\{closure}(Object(Laravel\Lumen\Http\Request))
#6 /usr/share/nginx/html/vendor/laravel/lumen-framework/src/Routing/Pipeline.php(32): call_user_func(Object(Closure), Object(Laravel\Lumen\Http\Request))
#7 /usr/share/nginx/html/vendor/illuminate/pipeline/Pipeline.php(104): Laravel\Lumen\Routing\Pipeline->Laravel\Lumen\Routing\{closure}(Object(Laravel\Lumen\Http\Request))
#8 /usr/share/nginx/html/vendor/laravel/lumen-framework/src/Concerns/RoutesRequests.php(413): Illuminate\Pipeline\Pipeline->then(Object(Closure))
#9 /usr/share/nginx/html/vendor/laravel/lumen-framework/src/Concerns/RoutesRequests.php(171): Laravel\Lumen\Application->sendThroughPipeline(Array, Object(Closure))
#10 /usr/share/nginx/html/vendor/laravel/lumen-framework/src/Concerns/RoutesRequests.php(108): Laravel\Lumen\Application->dispatch(NULL)
#11 /usr/share/nginx/html/public/index.php(28): Laravel\Lumen\Application->run()
#12 {main} {"exception":"[object] (Symfony\\Component\\HttpKernel\\Exception\\NotFoundHttpException(code: 0):  at /usr/share/nginx/html/vendor/laravel/lumen-framework/src/Concerns/RoutesRequests.php:229)
[stacktrace]
#0 /usr/share/nginx/html/vendor/laravel/lumen-framework/src/Concerns/RoutesRequests.php(169): Laravel\\Lumen\\Application->handleDispatcherResponse(Array)
#1 [internal function]: Laravel\\Lumen\\Application->Laravel\\Lumen\\Concerns\\{closure}(Object(Laravel\\Lumen\\Http\\Request))
#2 /usr/share/nginx/html/vendor/laravel/lumen-framework/src/Routing/Pipeline.php(52): call_user_func(Object(Closure), Object(Laravel\\Lumen\\Http\\Request))
#3 /usr/share/nginx/html/vendor/illuminate/session/Middleware/StartSession.php(56): Laravel\\Lumen\\Routing\\Pipeline->Laravel\\Lumen\\Routing\\{closure}(Object(Laravel\\Lumen\\Http\\Request))
#4 /usr/share/nginx/html/vendor/illuminate/pipeline/Pipeline.php(163): Illuminate\\Session\\Middleware\\StartSession->handle(Object(Laravel\\Lumen\\Http\\Request), Object(Closure))
#5 [internal function]: Illuminate\\Pipeline\\Pipeline->Illuminate\\Pipeline\\{closure}(Object(Laravel\\Lumen\\Http\\Request))
#6 /usr/share/nginx/html/vendor/laravel/lumen-framework/src/Routing/Pipeline.php(32): call_user_func(Object(Closure), Object(Laravel\\Lumen\\Http\\Request))
#7 /usr/share/nginx/html/vendor/illuminate/pipeline/Pipeline.php(104): Laravel\\Lumen\\Routing\\Pipeline->Laravel\\Lumen\\Routing\\{closure}(Object(Laravel\\Lumen\\Http\\Request))
#8 /usr/share/nginx/html/vendor/laravel/lumen-framework/src/Concerns/RoutesRequests.php(413): Illuminate\\Pipeline\\Pipeline->then(Object(Closure))
#9 /usr/share/nginx/html/vendor/laravel/lumen-framework/src/Concerns/RoutesRequests.php(171): Laravel\\Lumen\\Application->sendThroughPipeline(Array, Object(Closure))
#10 /usr/share/nginx/html/vendor/laravel/lumen-framework/src/Concerns/RoutesRequests.php(108): Laravel\\Lumen\\Application->dispatch(NULL)
#11 /usr/share/nginx/html/public/index.php(28): Laravel\\Lumen\\Application->run()
#12 {main}
"} 
[2019-08-28 09:20:52] production.ERROR: ErrorException: Undefined variable: _SESSION in /usr/share/nginx/html/app/Http/Controllers/SessionController.php:88
Stack trace:
#0 /usr/share/nginx/html/app/Http/Controllers/SessionController.php(88): Laravel\Lumen\Application->Laravel\Lumen\Concerns\{closure}(8, 'Undefined varia...', '/usr/share/ngin...', 88, Array)
#1 [internal function]: App\Http\Controllers\SessionController->media('37327866-0741-4...')
#2 /usr/share/nginx/html/vendor/illuminate/container/BoundMethod.php(32): call_user_func_array(Array, Array)
#3 /usr/share/nginx/html/vendor/illuminate/container/BoundMethod.php(90): Illuminate\Container\BoundMethod::Illuminate\Container\{closure}()
#4 /usr/share/nginx/html/vendor/illuminate/container/BoundMethod.php(34): Illuminate\Container\BoundMethod::callBoundMethod(Object(Laravel\Lumen\Application), Array, Object(Closure))
#5 /usr/share/nginx/html/vendor/illuminate/container/Container.php(576): Illuminate\Container\BoundMethod::call(Object(Laravel\Lumen\Application), Array, Array, NULL)
#6 /usr/share/nginx/html/vendor/laravel/lumen-framework/src/Concerns/RoutesRequests.php(376): Illuminate\Container\Container->call(Array, Array)
#7 /usr/share/nginx/html/vendor/laravel/lumen-framework/src/Concerns/RoutesRequests.php(342): Laravel\Lumen\Application->callControllerCallable(Array, Array)
#8 /usr/share/nginx/html/vendor/laravel/lumen-framework/src/Concerns/RoutesRequests.php(316): Laravel\Lumen\Application->callLumenController(Object(App\Http\Controllers\SessionController), 'media', Array)
#9 /usr/share/nginx/html/vendor/laravel/lumen-framework/src/Concerns/RoutesRequests.php(278): Laravel\Lumen\Application->callControllerAction(Array)
#10 /usr/share/nginx/html/vendor/laravel/lumen-framework/src/Concerns/RoutesRequests.php(263): Laravel\Lumen\Application->callActionOnArrayBasedRoute(Array)
#11 /usr/share/nginx/html/vendor/laravel/lumen-framework/src/Concerns/RoutesRequests.php(233): Laravel\Lumen\Application->handleFoundRoute(Array)
#12 /usr/share/nginx/html/vendor/laravel/lumen-framework/src/Concerns/RoutesRequests.php(169): Laravel\Lumen\Application->handleDispatcherResponse(Array)
#13 [internal function]: Laravel\Lumen\Application->Laravel\Lumen\Concerns\{closure}(Object(Laravel\Lumen\Http\Request))
#14 /usr/share/nginx/html/vendor/laravel/lumen-framework/src/Routing/Pipeline.php(52): call_user_func(Object(Closure), Object(Laravel\Lumen\Http\Request))
#15 /usr/share/nginx/html/vendor/illuminate/session/Middleware/StartSession.php(56): Laravel\Lumen\Routing\Pipeline->Laravel\Lumen\Routing\{closure}(Object(Laravel\Lumen\Http\Request))
#16 /usr/share/nginx/html/vendor/illuminate/pipeline/Pipeline.php(163): Illuminate\Session\Middleware\StartSession->handle(Object(Laravel\Lumen\Http\Request), Object(Closure))
#17 [internal function]: Illuminate\Pipeline\Pipeline->Illuminate\Pipeline\{closure}(Object(Laravel\Lumen\Http\Request))
#18 /usr/share/nginx/html/vendor/laravel/lumen-framework/src/Routing/Pipeline.php(32): call_user_func(Object(Closure), Object(Laravel\Lumen\Http\Request))
#19 /usr/share/nginx/html/vendor/illuminate/pipeline/Pipeline.php(104): Laravel\Lumen\Routing\Pipeline->Laravel\Lumen\Routing\{closure}(Object(Laravel\Lumen\Http\Request))
#20 /usr/share/nginx/html/vendor/laravel/lumen-framework/src/Concerns/RoutesRequests.php(413): Illuminate\Pipeline\Pipeline->then(Object(Closure))
#21 /usr/share/nginx/html/vendor/laravel/lumen-framework/src/Concerns/RoutesRequests.php(171): Laravel\Lumen\Application->sendThroughPipeline(Array, Object(Closure))
#22 /usr/share/nginx/html/vendor/laravel/lumen-framework/src/Concerns/RoutesRequests.php(108): Laravel\Lumen\Application->dispatch(NULL)
#23 /usr/share/nginx/html/public/index.php(28): Laravel\Lumen\Application->run()
#24 {main} {"exception":"[object] (ErrorException(code: 0): Undefined variable: _SESSION at /usr/share/nginx/html/app/Http/Controllers/SessionController.php:88)
[stacktrace]
#0 /usr/share/nginx/html/app/Http/Controllers/SessionController.php(88): Laravel\\Lumen\\Application->Laravel\\Lumen\\Concerns\\{closure}(8, 'Undefined varia...', '/usr/share/ngin...', 88, Array)
#1 [internal function]: App\\Http\\Controllers\\SessionController->media('37327866-0741-4...')
#2 /usr/share/nginx/html/vendor/illuminate/container/BoundMethod.php(32): call_user_func_array(Array, Array)
#3 /usr/share/nginx/html/vendor/illuminate/container/BoundMethod.php(90): Illuminate\\Container\\BoundMethod::Illuminate\\Container\\{closure}()
#4 /usr/share/nginx/html/vendor/illuminate/container/BoundMethod.php(34): Illuminate\\Container\\BoundMethod::callBoundMethod(Object(Laravel\\Lumen\\Application), Array, Object(Closure))
#5 /usr/share/nginx/html/vendor/illuminate/container/Container.php(576): Illuminate\\Container\\BoundMethod::call(Object(Laravel\\Lumen\\Application), Array, Array, NULL)
#6 /usr/share/nginx/html/vendor/laravel/lumen-framework/src/Concerns/RoutesRequests.php(376): Illuminate\\Container\\Container->call(Array, Array)
#7 /usr/share/nginx/html/vendor/laravel/lumen-framework/src/Concerns/RoutesRequests.php(342): Laravel\\Lumen\\Application->callControllerCallable(Array, Array)
#8 /usr/share/nginx/html/vendor/laravel/lumen-framework/src/Concerns/RoutesRequests.php(316): Laravel\\Lumen\\Application->callLumenController(Object(App\\Http\\Controllers\\SessionController), 'media', Array)
#9 /usr/share/nginx/html/vendor/laravel/lumen-framework/src/Concerns/RoutesRequests.php(278): Laravel\\Lumen\\Application->callControllerAction(Array)
#10 /usr/share/nginx/html/vendor/laravel/lumen-framework/src/Concerns/RoutesRequests.php(263): Laravel\\Lumen\\Application->callActionOnArrayBasedRoute(Array)
#11 /usr/share/nginx/html/vendor/laravel/lumen-framework/src/Concerns/RoutesRequests.php(233): Laravel\\Lumen\\Application->handleFoundRoute(Array)
#12 /usr/share/nginx/html/vendor/laravel/lumen-framework/src/Concerns/RoutesRequests.php(169): Laravel\\Lumen\\Application->handleDispatcherResponse(Array)
#13 [internal function]: Laravel\\Lumen\\Application->Laravel\\Lumen\\Concerns\\{closure}(Object(Laravel\\Lumen\\Http\\Request))
#14 /usr/share/nginx/html/vendor/laravel/lumen-framework/src/Routing/Pipeline.php(52): call_user_func(Object(Closure), Object(Laravel\\Lumen\\Http\\Request))
#15 /usr/share/nginx/html/vendor/illuminate/session/Middleware/StartSession.php(56): Laravel\\Lumen\\Routing\\Pipeline->Laravel\\Lumen\\Routing\\{closure}(Object(Laravel\\Lumen\\Http\\Request))
#16 /usr/share/nginx/html/vendor/illuminate/pipeline/Pipeline.php(163): Illuminate\\Session\\Middleware\\StartSession->handle(Object(Laravel\\Lumen\\Http\\Request), Object(Closure))
#17 [internal function]: Illuminate\\Pipeline\\Pipeline->Illuminate\\Pipeline\\{closure}(Object(Laravel\\Lumen\\Http\\Request))
#18 /usr/share/nginx/html/vendor/laravel/lumen-framework/src/Routing/Pipeline.php(32): call_user_func(Object(Closure), Object(Laravel\\Lumen\\Http\\Request))
#19 /usr/share/nginx/html/vendor/illuminate/pipeline/Pipeline.php(104): Laravel\\Lumen\\Routing\\Pipeline->Laravel\\Lumen\\Routing\\{closure}(Object(Laravel\\Lumen\\Http\\Request))
#20 /usr/share/nginx/html/vendor/laravel/lumen-framework/src/Concerns/RoutesRequests.php(413): Illuminate\\Pipeline\\Pipeline->then(Object(Closure))
#21 /usr/share/nginx/html/vendor/laravel/lumen-framework/src/Concerns/RoutesRequests.php(171): Laravel\\Lumen\\Application->sendThroughPipeline(Array, Object(Closure))
#22 /usr/share/nginx/html/vendor/laravel/lumen-framework/src/Concerns/RoutesRequests.php(108): Laravel\\Lumen\\Application->dispatch(NULL)
#23 /usr/share/nginx/html/public/index.php(28): Laravel\\Lumen\\Application->run()
#24 {main}
"} 
[2019-08-28 09:21:03] production.ERROR: ErrorException: Undefined variable: _SESSION in /usr/share/nginx/html/app/Http/Controllers/SessionController.php:88
Stack trace:
#0 /usr/share/nginx/html/app/Http/Controllers/SessionController.php(88): Laravel\Lumen\Application->Laravel\Lumen\Concerns\{closure}(8, 'Undefined varia...', '/usr/share/ngin...', 88, Array)
#1 [internal function]: App\Http\Controllers\SessionController->media('37327866-0741-4...')
#2 /usr/share/nginx/html/vendor/illuminate/container/BoundMethod.php(32): call_user_func_array(Array, Array)
#3 /usr/share/nginx/html/vendor/illuminate/container/BoundMethod.php(90): Illuminate\Container\BoundMethod::Illuminate\Container\{closure}()
#4 /usr/share/nginx/html/vendor/illuminate/container/BoundMethod.php(34): Illuminate\Container\BoundMethod::callBoundMethod(Object(Laravel\Lumen\Application), Array, Object(Closure))
#5 /usr/share/nginx/html/vendor/illuminate/container/Container.php(576): Illuminate\Container\BoundMethod::call(Object(Laravel\Lumen\Application), Array, Array, NULL)
#6 /usr/share/nginx/html/vendor/laravel/lumen-framework/src/Concerns/RoutesRequests.php(376): Illuminate\Container\Container->call(Array, Array)
#7 /usr/share/nginx/html/vendor/laravel/lumen-framework/src/Concerns/RoutesRequests.php(342): Laravel\Lumen\Application->callControllerCallable(Array, Array)
#8 /usr/share/nginx/html/vendor/laravel/lumen-framework/src/Concerns/RoutesRequests.php(316): Laravel\Lumen\Application->callLumenController(Object(App\Http\Controllers\SessionController), 'media', Array)
#9 /usr/share/nginx/html/vendor/laravel/lumen-framework/src/Concerns/RoutesRequests.php(278): Laravel\Lumen\Application->callControllerAction(Array)
#10 /usr/share/nginx/html/vendor/laravel/lumen-framework/src/Concerns/RoutesRequests.php(263): Laravel\Lumen\Application->callActionOnArrayBasedRoute(Array)
#11 /usr/share/nginx/html/vendor/laravel/lumen-framework/src/Concerns/RoutesRequests.php(233): Laravel\Lumen\Application->handleFoundRoute(Array)
#12 /usr/share/nginx/html/vendor/laravel/lumen-framework/src/Concerns/RoutesRequests.php(169): Laravel\Lumen\Application->handleDispatcherResponse(Array)
#13 [internal function]: Laravel\Lumen\Application->Laravel\Lumen\Concerns\{closure}(Object(Laravel\Lumen\Http\Request))
#14 /usr/share/nginx/html/vendor/laravel/lumen-framework/src/Routing/Pipeline.php(52): call_user_func(Object(Closure), Object(Laravel\Lumen\Http\Request))
#15 /usr/share/nginx/html/vendor/illuminate/session/Middleware/StartSession.php(56): Laravel\Lumen\Routing\Pipeline->Laravel\Lumen\Routing\{closure}(Object(Laravel\Lumen\Http\Request))
#16 /usr/share/nginx/html/vendor/illuminate/pipeline/Pipeline.php(163): Illuminate\Session\Middleware\StartSession->handle(Object(Laravel\Lumen\Http\Request), Object(Closure))
#17 [internal function]: Illuminate\Pipeline\Pipeline->Illuminate\Pipeline\{closure}(Object(Laravel\Lumen\Http\Request))
#18 /usr/share/nginx/html/vendor/laravel/lumen-framework/src/Routing/Pipeline.php(32): call_user_func(Object(Closure), Object(Laravel\Lumen\Http\Request))
#19 /usr/share/nginx/html/vendor/illuminate/pipeline/Pipeline.php(104): Laravel\Lumen\Routing\Pipeline->Laravel\Lumen\Routing\{closure}(Object(Laravel\Lumen\Http\Request))
#20 /usr/share/nginx/html/vendor/laravel/lumen-framework/src/Concerns/RoutesRequests.php(413): Illuminate\Pipeline\Pipeline->then(Object(Closure))
#21 /usr/share/nginx/html/vendor/laravel/lumen-framework/src/Concerns/RoutesRequests.php(171): Laravel\Lumen\Application->sendThroughPipeline(Array, Object(Closure))
#22 /usr/share/nginx/html/vendor/laravel/lumen-framework/src/Concerns/RoutesRequests.php(108): Laravel\Lumen\Application->dispatch(NULL)
#23 /usr/share/nginx/html/public/index.php(28): Laravel\Lumen\Application->run()
#24 {main} {"exception":"[object] (ErrorException(code: 0): Undefined variable: _SESSION at /usr/share/nginx/html/app/Http/Controllers/SessionController.php:88)
[stacktrace]
#0 /usr/share/nginx/html/app/Http/Controllers/SessionController.php(88): Laravel\\Lumen\\Application->Laravel\\Lumen\\Concerns\\{closure}(8, 'Undefined varia...', '/usr/share/ngin...', 88, Array)
#1 [internal function]: App\\Http\\Controllers\\SessionController->media('37327866-0741-4...')
#2 /usr/share/nginx/html/vendor/illuminate/container/BoundMethod.php(32): call_user_func_array(Array, Array)
#3 /usr/share/nginx/html/vendor/illuminate/container/BoundMethod.php(90): Illuminate\\Container\\BoundMethod::Illuminate\\Container\\{closure}()
#4 /usr/share/nginx/html/vendor/illuminate/container/BoundMethod.php(34): Illuminate\\Container\\BoundMethod::callBoundMethod(Object(Laravel\\Lumen\\Application), Array, Object(Closure))
#5 /usr/share/nginx/html/vendor/illuminate/container/Container.php(576): Illuminate\\Container\\BoundMethod::call(Object(Laravel\\Lumen\\Application), Array, Array, NULL)
#6 /usr/share/nginx/html/vendor/laravel/lumen-framework/src/Concerns/RoutesRequests.php(376): Illuminate\\Container\\Container->call(Array, Array)
#7 /usr/share/nginx/html/vendor/laravel/lumen-framework/src/Concerns/RoutesRequests.php(342): Laravel\\Lumen\\Application->callControllerCallable(Array, Array)
#8 /usr/share/nginx/html/vendor/laravel/lumen-framework/src/Concerns/RoutesRequests.php(316): Laravel\\Lumen\\Application->callLumenController(Object(App\\Http\\Controllers\\SessionController), 'media', Array)
#9 /usr/share/nginx/html/vendor/laravel/lumen-framework/src/Concerns/RoutesRequests.php(278): Laravel\\Lumen\\Application->callControllerAction(Array)
#10 /usr/share/nginx/html/vendor/laravel/lumen-framework/src/Concerns/RoutesRequests.php(263): Laravel\\Lumen\\Application->callActionOnArrayBasedRoute(Array)
#11 /usr/share/nginx/html/vendor/laravel/lumen-framework/src/Concerns/RoutesRequests.php(233): Laravel\\Lumen\\Application->handleFoundRoute(Array)
#12 /usr/share/nginx/html/vendor/laravel/lumen-framework/src/Concerns/RoutesRequests.php(169): Laravel\\Lumen\\Application->handleDispatcherResponse(Array)
#13 [internal function]: Laravel\\Lumen\\Application->Laravel\\Lumen\\Concerns\\{closure}(Object(Laravel\\Lumen\\Http\\Request))
#14 /usr/share/nginx/html/vendor/laravel/lumen-framework/src/Routing/Pipeline.php(52): call_user_func(Object(Closure), Object(Laravel\\Lumen\\Http\\Request))
#15 /usr/share/nginx/html/vendor/illuminate/session/Middleware/StartSession.php(56): Laravel\\Lumen\\Routing\\Pipeline->Laravel\\Lumen\\Routing\\{closure}(Object(Laravel\\Lumen\\Http\\Request))
#16 /usr/share/nginx/html/vendor/illuminate/pipeline/Pipeline.php(163): Illuminate\\Session\\Middleware\\StartSession->handle(Object(Laravel\\Lumen\\Http\\Request), Object(Closure))
#17 [internal function]: Illuminate\\Pipeline\\Pipeline->Illuminate\\Pipeline\\{closure}(Object(Laravel\\Lumen\\Http\\Request))
#18 /usr/share/nginx/html/vendor/laravel/lumen-framework/src/Routing/Pipeline.php(32): call_user_func(Object(Closure), Object(Laravel\\Lumen\\Http\\Request))
#19 /usr/share/nginx/html/vendor/illuminate/pipeline/Pipeline.php(104): Laravel\\Lumen\\Routing\\Pipeline->Laravel\\Lumen\\Routing\\{closure}(Object(Laravel\\Lumen\\Http\\Request))
#20 /usr/share/nginx/html/vendor/laravel/lumen-framework/src/Concerns/RoutesRequests.php(413): Illuminate\\Pipeline\\Pipeline->then(Object(Closure))
#21 /usr/share/nginx/html/vendor/laravel/lumen-framework/src/Concerns/RoutesRequests.php(171): Laravel\\Lumen\\Application->sendThroughPipeline(Array, Object(Closure))
#22 /usr/share/nginx/html/vendor/laravel/lumen-framework/src/Concerns/RoutesRequests.php(108): Laravel\\Lumen\\Application->dispatch(NULL)
#23 /usr/share/nginx/html/public/index.php(28): Laravel\\Lumen\\Application->run()
#24 {main}
"} 
[2019-08-28 09:21:05] production.ERROR: ErrorException: Undefined variable: _SESSION in /usr/share/nginx/html/app/Http/Controllers/SessionController.php:88
Stack trace:
#0 /usr/share/nginx/html/app/Http/Controllers/SessionController.php(88): Laravel\Lumen\Application->Laravel\Lumen\Concerns\{closure}(8, 'Undefined varia...', '/usr/share/ngin...', 88, Array)
#1 [internal function]: App\Http\Controllers\SessionController->media('37327866-0741-4...')
#2 /usr/share/nginx/html/vendor/illuminate/container/BoundMethod.php(32): call_user_func_array(Array, Array)
#3 /usr/share/nginx/html/vendor/illuminate/container/BoundMethod.php(90): Illuminate\Container\BoundMethod::Illuminate\Container\{closure}()
#4 /usr/share/nginx/html/vendor/illuminate/container/BoundMethod.php(34): Illuminate\Container\BoundMethod::callBoundMethod(Object(Laravel\Lumen\Application), Array, Object(Closure))
#5 /usr/share/nginx/html/vendor/illuminate/container/Container.php(576): Illuminate\Container\BoundMethod::call(Object(Laravel\Lumen\Application), Array, Array, NULL)
#6 /usr/share/nginx/html/vendor/laravel/lumen-framework/src/Concerns/RoutesRequests.php(376): Illuminate\Container\Container->call(Array, Array)
#7 /usr/share/nginx/html/vendor/laravel/lumen-framework/src/Concerns/RoutesRequests.php(342): Laravel\Lumen\Application->callControllerCallable(Array, Array)
#8 /usr/share/nginx/html/vendor/laravel/lumen-framework/src/Concerns/RoutesRequests.php(316): Laravel\Lumen\Application->callLumenController(Object(App\Http\Controllers\SessionController), 'media', Array)
#9 /usr/share/nginx/html/vendor/laravel/lumen-framework/src/Concerns/RoutesRequests.php(278): Laravel\Lumen\Application->callControllerAction(Array)
#10 /usr/share/nginx/html/vendor/laravel/lumen-framework/src/Concerns/RoutesRequests.php(263): Laravel\Lumen\Application->callActionOnArrayBasedRoute(Array)
#11 /usr/share/nginx/html/vendor/laravel/lumen-framework/src/Concerns/RoutesRequests.php(233): Laravel\Lumen\Application->handleFoundRoute(Array)
#12 /usr/share/nginx/html/vendor/laravel/lumen-framework/src/Concerns/RoutesRequests.php(169): Laravel\Lumen\Application->handleDispatcherResponse(Array)
#13 [internal function]: Laravel\Lumen\Application->Laravel\Lumen\Concerns\{closure}(Object(Laravel\Lumen\Http\Request))
#14 /usr/share/nginx/html/vendor/laravel/lumen-framework/src/Routing/Pipeline.php(52): call_user_func(Object(Closure), Object(Laravel\Lumen\Http\Request))
#15 /usr/share/nginx/html/vendor/illuminate/session/Middleware/StartSession.php(56): Laravel\Lumen\Routing\Pipeline->Laravel\Lumen\Routing\{closure}(Object(Laravel\Lumen\Http\Request))
#16 /usr/share/nginx/html/vendor/illuminate/pipeline/Pipeline.php(163): Illuminate\Session\Middleware\StartSession->handle(Object(Laravel\Lumen\Http\Request), Object(Closure))
#17 [internal function]: Illuminate\Pipeline\Pipeline->Illuminate\Pipeline\{closure}(Object(Laravel\Lumen\Http\Request))
#18 /usr/share/nginx/html/vendor/laravel/lumen-framework/src/Routing/Pipeline.php(32): call_user_func(Object(Closure), Object(Laravel\Lumen\Http\Request))
#19 /usr/share/nginx/html/vendor/illuminate/pipeline/Pipeline.php(104): Laravel\Lumen\Routing\Pipeline->Laravel\Lumen\Routing\{closure}(Object(Laravel\Lumen\Http\Request))
#20 /usr/share/nginx/html/vendor/laravel/lumen-framework/src/Concerns/RoutesRequests.php(413): Illuminate\Pipeline\Pipeline->then(Object(Closure))
#21 /usr/share/nginx/html/vendor/laravel/lumen-framework/src/Concerns/RoutesRequests.php(171): Laravel\Lumen\Application->sendThroughPipeline(Array, Object(Closure))
#22 /usr/share/nginx/html/vendor/laravel/lumen-framework/src/Concerns/RoutesRequests.php(108): Laravel\Lumen\Application->dispatch(NULL)
#23 /usr/share/nginx/html/public/index.php(28): Laravel\Lumen\Application->run()
#24 {main} {"exception":"[object] (ErrorException(code: 0): Undefined variable: _SESSION at /usr/share/nginx/html/app/Http/Controllers/SessionController.php:88)
[stacktrace]
#0 /usr/share/nginx/html/app/Http/Controllers/SessionController.php(88): Laravel\\Lumen\\Application->Laravel\\Lumen\\Concerns\\{closure}(8, 'Undefined varia...', '/usr/share/ngin...', 88, Array)
#1 [internal function]: App\\Http\\Controllers\\SessionController->media('37327866-0741-4...')
#2 /usr/share/nginx/html/vendor/illuminate/container/BoundMethod.php(32): call_user_func_array(Array, Array)
#3 /usr/share/nginx/html/vendor/illuminate/container/BoundMethod.php(90): Illuminate\\Container\\BoundMethod::Illuminate\\Container\\{closure}()
#4 /usr/share/nginx/html/vendor/illuminate/container/BoundMethod.php(34): Illuminate\\Container\\BoundMethod::callBoundMethod(Object(Laravel\\Lumen\\Application), Array, Object(Closure))
#5 /usr/share/nginx/html/vendor/illuminate/container/Container.php(576): Illuminate\\Container\\BoundMethod::call(Object(Laravel\\Lumen\\Application), Array, Array, NULL)
#6 /usr/share/nginx/html/vendor/laravel/lumen-framework/src/Concerns/RoutesRequests.php(376): Illuminate\\Container\\Container->call(Array, Array)
#7 /usr/share/nginx/html/vendor/laravel/lumen-framework/src/Concerns/RoutesRequests.php(342): Laravel\\Lumen\\Application->callControllerCallable(Array, Array)
#8 /usr/share/nginx/html/vendor/laravel/lumen-framework/src/Concerns/RoutesRequests.php(316): Laravel\\Lumen\\Application->callLumenController(Object(App\\Http\\Controllers\\SessionController), 'media', Array)
#9 /usr/share/nginx/html/vendor/laravel/lumen-framework/src/Concerns/RoutesRequests.php(278): Laravel\\Lumen\\Application->callControllerAction(Array)
#10 /usr/share/nginx/html/vendor/laravel/lumen-framework/src/Concerns/RoutesRequests.php(263): Laravel\\Lumen\\Application->callActionOnArrayBasedRoute(Array)
#11 /usr/share/nginx/html/vendor/laravel/lumen-framework/src/Concerns/RoutesRequests.php(233): Laravel\\Lumen\\Application->handleFoundRoute(Array)
#12 /usr/share/nginx/html/vendor/laravel/lumen-framework/src/Concerns/RoutesRequests.php(169): Laravel\\Lumen\\Application->handleDispatcherResponse(Array)
#13 [internal function]: Laravel\\Lumen\\Application->Laravel\\Lumen\\Concerns\\{closure}(Object(Laravel\\Lumen\\Http\\Request))
#14 /usr/share/nginx/html/vendor/laravel/lumen-framework/src/Routing/Pipeline.php(52): call_user_func(Object(Closure), Object(Laravel\\Lumen\\Http\\Request))
#15 /usr/share/nginx/html/vendor/illuminate/session/Middleware/StartSession.php(56): Laravel\\Lumen\\Routing\\Pipeline->Laravel\\Lumen\\Routing\\{closure}(Object(Laravel\\Lumen\\Http\\Request))
#16 /usr/share/nginx/html/vendor/illuminate/pipeline/Pipeline.php(163): Illuminate\\Session\\Middleware\\StartSession->handle(Object(Laravel\\Lumen\\Http\\Request), Object(Closure))
#17 [internal function]: Illuminate\\Pipeline\\Pipeline->Illuminate\\Pipeline\\{closure}(Object(Laravel\\Lumen\\Http\\Request))
#18 /usr/share/nginx/html/vendor/laravel/lumen-framework/src/Routing/Pipeline.php(32): call_user_func(Object(Closure), Object(Laravel\\Lumen\\Http\\Request))
#19 /usr/share/nginx/html/vendor/illuminate/pipeline/Pipeline.php(104): Laravel\\Lumen\\Routing\\Pipeline->Laravel\\Lumen\\Routing\\{closure}(Object(Laravel\\Lumen\\Http\\Request))
#20 /usr/share/nginx/html/vendor/laravel/lumen-framework/src/Concerns/RoutesRequests.php(413): Illuminate\\Pipeline\\Pipeline->then(Object(Closure))
#21 /usr/share/nginx/html/vendor/laravel/lumen-framework/src/Concerns/RoutesRequests.php(171): Laravel\\Lumen\\Application->sendThroughPipeline(Array, Object(Closure))
#22 /usr/share/nginx/html/vendor/laravel/lumen-framework/src/Concerns/RoutesRequests.php(108): Laravel\\Lumen\\Application->dispatch(NULL)
#23 /usr/share/nginx/html/public/index.php(28): Laravel\\Lumen\\Application->run()
#24 {main}
"} 
[2019-08-28 09:21:53] production.ERROR: ErrorException: Undefined variable: _SESSION in /usr/share/nginx/html/app/Http/Controllers/SessionController.php:88
Stack trace:
#0 /usr/share/nginx/html/app/Http/Controllers/SessionController.php(88): Laravel\Lumen\Application->Laravel\Lumen\Concerns\{closure}(8, 'Undefined varia...', '/usr/share/ngin...', 88, Array)
#1 [internal function]: App\Http\Controllers\SessionController->media('37327866-0741-4...')
#2 /usr/share/nginx/html/vendor/illuminate/container/BoundMethod.php(32): call_user_func_array(Array, Array)
#3 /usr/share/nginx/html/vendor/illuminate/container/BoundMethod.php(90): Illuminate\Container\BoundMethod::Illuminate\Container\{closure}()
#4 /usr/share/nginx/html/vendor/illuminate/container/BoundMethod.php(34): Illuminate\Container\BoundMethod::callBoundMethod(Object(Laravel\Lumen\Application), Array, Object(Closure))
#5 /usr/share/nginx/html/vendor/illuminate/container/Container.php(576): Illuminate\Container\BoundMethod::call(Object(Laravel\Lumen\Application), Array, Array, NULL)
#6 /usr/share/nginx/html/vendor/laravel/lumen-framework/src/Concerns/RoutesRequests.php(376): Illuminate\Container\Container->call(Array, Array)
#7 /usr/share/nginx/html/vendor/laravel/lumen-framework/src/Concerns/RoutesRequests.php(342): Laravel\Lumen\Application->callControllerCallable(Array, Array)
#8 /usr/share/nginx/html/vendor/laravel/lumen-framework/src/Concerns/RoutesRequests.php(316): Laravel\Lumen\Application->callLumenController(Object(App\Http\Controllers\SessionController), 'media', Array)
#9 /usr/share/nginx/html/vendor/laravel/lumen-framework/src/Concerns/RoutesRequests.php(278): Laravel\Lumen\Application->callControllerAction(Array)
#10 /usr/share/nginx/html/vendor/laravel/lumen-framework/src/Concerns/RoutesRequests.php(263): Laravel\Lumen\Application->callActionOnArrayBasedRoute(Array)
#11 /usr/share/nginx/html/vendor/laravel/lumen-framework/src/Concerns/RoutesRequests.php(233): Laravel\Lumen\Application->handleFoundRoute(Array)
#12 /usr/share/nginx/html/vendor/laravel/lumen-framework/src/Concerns/RoutesRequests.php(169): Laravel\Lumen\Application->handleDispatcherResponse(Array)
#13 [internal function]: Laravel\Lumen\Application->Laravel\Lumen\Concerns\{closure}(Object(Laravel\Lumen\Http\Request))
#14 /usr/share/nginx/html/vendor/laravel/lumen-framework/src/Routing/Pipeline.php(52): call_user_func(Object(Closure), Object(Laravel\Lumen\Http\Request))
#15 /usr/share/nginx/html/vendor/illuminate/session/Middleware/StartSession.php(56): Laravel\Lumen\Routing\Pipeline->Laravel\Lumen\Routing\{closure}(Object(Laravel\Lumen\Http\Request))
#16 /usr/share/nginx/html/vendor/illuminate/pipeline/Pipeline.php(163): Illuminate\Session\Middleware\StartSession->handle(Object(Laravel\Lumen\Http\Request), Object(Closure))
#17 [internal function]: Illuminate\Pipeline\Pipeline->Illuminate\Pipeline\{closure}(Object(Laravel\Lumen\Http\Request))
#18 /usr/share/nginx/html/vendor/laravel/lumen-framework/src/Routing/Pipeline.php(32): call_user_func(Object(Closure), Object(Laravel\Lumen\Http\Request))
#19 /usr/share/nginx/html/vendor/illuminate/pipeline/Pipeline.php(104): Laravel\Lumen\Routing\Pipeline->Laravel\Lumen\Routing\{closure}(Object(Laravel\Lumen\Http\Request))
#20 /usr/share/nginx/html/vendor/laravel/lumen-framework/src/Concerns/RoutesRequests.php(413): Illuminate\Pipeline\Pipeline->then(Object(Closure))
#21 /usr/share/nginx/html/vendor/laravel/lumen-framework/src/Concerns/RoutesRequests.php(171): Laravel\Lumen\Application->sendThroughPipeline(Array, Object(Closure))
#22 /usr/share/nginx/html/vendor/laravel/lumen-framework/src/Concerns/RoutesRequests.php(108): Laravel\Lumen\Application->dispatch(NULL)
#23 /usr/share/nginx/html/public/index.php(28): Laravel\Lumen\Application->run()
#24 {main} {"exception":"[object] (ErrorException(code: 0): Undefined variable: _SESSION at /usr/share/nginx/html/app/Http/Controllers/SessionController.php:88)
[stacktrace]
#0 /usr/share/nginx/html/app/Http/Controllers/SessionController.php(88): Laravel\\Lumen\\Application->Laravel\\Lumen\\Concerns\\{closure}(8, 'Undefined varia...', '/usr/share/ngin...', 88, Array)
#1 [internal function]: App\\Http\\Controllers\\SessionController->media('37327866-0741-4...')
#2 /usr/share/nginx/html/vendor/illuminate/container/BoundMethod.php(32): call_user_func_array(Array, Array)
#3 /usr/share/nginx/html/vendor/illuminate/container/BoundMethod.php(90): Illuminate\\Container\\BoundMethod::Illuminate\\Container\\{closure}()
#4 /usr/share/nginx/html/vendor/illuminate/container/BoundMethod.php(34): Illuminate\\Container\\BoundMethod::callBoundMethod(Object(Laravel\\Lumen\\Application), Array, Object(Closure))
#5 /usr/share/nginx/html/vendor/illuminate/container/Container.php(576): Illuminate\\Container\\BoundMethod::call(Object(Laravel\\Lumen\\Application), Array, Array, NULL)
#6 /usr/share/nginx/html/vendor/laravel/lumen-framework/src/Concerns/RoutesRequests.php(376): Illuminate\\Container\\Container->call(Array, Array)
#7 /usr/share/nginx/html/vendor/laravel/lumen-framework/src/Concerns/RoutesRequests.php(342): Laravel\\Lumen\\Application->callControllerCallable(Array, Array)
#8 /usr/share/nginx/html/vendor/laravel/lumen-framework/src/Concerns/RoutesRequests.php(316): Laravel\\Lumen\\Application->callLumenController(Object(App\\Http\\Controllers\\SessionController), 'media', Array)
#9 /usr/share/nginx/html/vendor/laravel/lumen-framework/src/Concerns/RoutesRequests.php(278): Laravel\\Lumen\\Application->callControllerAction(Array)
#10 /usr/share/nginx/html/vendor/laravel/lumen-framework/src/Concerns/RoutesRequests.php(263): Laravel\\Lumen\\Application->callActionOnArrayBasedRoute(Array)
#11 /usr/share/nginx/html/vendor/laravel/lumen-framework/src/Concerns/RoutesRequests.php(233): Laravel\\Lumen\\Application->handleFoundRoute(Array)
#12 /usr/share/nginx/html/vendor/laravel/lumen-framework/src/Concerns/RoutesRequests.php(169): Laravel\\Lumen\\Application->handleDispatcherResponse(Array)
#13 [internal function]: Laravel\\Lumen\\Application->Laravel\\Lumen\\Concerns\\{closure}(Object(Laravel\\Lumen\\Http\\Request))
#14 /usr/share/nginx/html/vendor/laravel/lumen-framework/src/Routing/Pipeline.php(52): call_user_func(Object(Closure), Object(Laravel\\Lumen\\Http\\Request))
#15 /usr/share/nginx/html/vendor/illuminate/session/Middleware/StartSession.php(56): Laravel\\Lumen\\Routing\\Pipeline->Laravel\\Lumen\\Routing\\{closure}(Object(Laravel\\Lumen\\Http\\Request))
#16 /usr/share/nginx/html/vendor/illuminate/pipeline/Pipeline.php(163): Illuminate\\Session\\Middleware\\StartSession->handle(Object(Laravel\\Lumen\\Http\\Request), Object(Closure))
#17 [internal function]: Illuminate\\Pipeline\\Pipeline->Illuminate\\Pipeline\\{closure}(Object(Laravel\\Lumen\\Http\\Request))
#18 /usr/share/nginx/html/vendor/laravel/lumen-framework/src/Routing/Pipeline.php(32): call_user_func(Object(Closure), Object(Laravel\\Lumen\\Http\\Request))
#19 /usr/share/nginx/html/vendor/illuminate/pipeline/Pipeline.php(104): Laravel\\Lumen\\Routing\\Pipeline->Laravel\\Lumen\\Routing\\{closure}(Object(Laravel\\Lumen\\Http\\Request))
#20 /usr/share/nginx/html/vendor/laravel/lumen-framework/src/Concerns/RoutesRequests.php(413): Illuminate\\Pipeline\\Pipeline->then(Object(Closure))
#21 /usr/share/nginx/html/vendor/laravel/lumen-framework/src/Concerns/RoutesRequests.php(171): Laravel\\Lumen\\Application->sendThroughPipeline(Array, Object(Closure))
#22 /usr/share/nginx/html/vendor/laravel/lumen-framework/src/Concerns/RoutesRequests.php(108): Laravel\\Lumen\\Application->dispatch(NULL)
#23 /usr/share/nginx/html/public/index.php(28): Laravel\\Lumen\\Application->run()
#24 {main}
"} 
[2019-08-28 09:22:14] production.ERROR: ErrorException: Undefined variable: _SESSION in /usr/share/nginx/html/app/Http/Controllers/SessionController.php:88
Stack trace:
#0 /usr/share/nginx/html/app/Http/Controllers/SessionController.php(88): Laravel\Lumen\Application->Laravel\Lumen\Concerns\{closure}(8, 'Undefined varia...', '/usr/share/ngin...', 88, Array)
#1 [internal function]: App\Http\Controllers\SessionController->media('37327866-0741-4...')
#2 /usr/share/nginx/html/vendor/illuminate/container/BoundMethod.php(32): call_user_func_array(Array, Array)
#3 /usr/share/nginx/html/vendor/illuminate/container/BoundMethod.php(90): Illuminate\Container\BoundMethod::Illuminate\Container\{closure}()
#4 /usr/share/nginx/html/vendor/illuminate/container/BoundMethod.php(34): Illuminate\Container\BoundMethod::callBoundMethod(Object(Laravel\Lumen\Application), Array, Object(Closure))
#5 /usr/share/nginx/html/vendor/illuminate/container/Container.php(576): Illuminate\Container\BoundMethod::call(Object(Laravel\Lumen\Application), Array, Array, NULL)
#6 /usr/share/nginx/html/vendor/laravel/lumen-framework/src/Concerns/RoutesRequests.php(376): Illuminate\Container\Container->call(Array, Array)
#7 /usr/share/nginx/html/vendor/laravel/lumen-framework/src/Concerns/RoutesRequests.php(342): Laravel\Lumen\Application->callControllerCallable(Array, Array)
#8 /usr/share/nginx/html/vendor/laravel/lumen-framework/src/Concerns/RoutesRequests.php(316): Laravel\Lumen\Application->callLumenController(Object(App\Http\Controllers\SessionController), 'media', Array)
#9 /usr/share/nginx/html/vendor/laravel/lumen-framework/src/Concerns/RoutesRequests.php(278): Laravel\Lumen\Application->callControllerAction(Array)
#10 /usr/share/nginx/html/vendor/laravel/lumen-framework/src/Concerns/RoutesRequests.php(263): Laravel\Lumen\Application->callActionOnArrayBasedRoute(Array)
#11 /usr/share/nginx/html/vendor/laravel/lumen-framework/src/Concerns/RoutesRequests.php(233): Laravel\Lumen\Application->handleFoundRoute(Array)
#12 /usr/share/nginx/html/vendor/laravel/lumen-framework/src/Concerns/RoutesRequests.php(169): Laravel\Lumen\Application->handleDispatcherResponse(Array)
#13 [internal function]: Laravel\Lumen\Application->Laravel\Lumen\Concerns\{closure}(Object(Laravel\Lumen\Http\Request))
#14 /usr/share/nginx/html/vendor/laravel/lumen-framework/src/Routing/Pipeline.php(52): call_user_func(Object(Closure), Object(Laravel\Lumen\Http\Request))
#15 /usr/share/nginx/html/vendor/illuminate/session/Middleware/StartSession.php(56): Laravel\Lumen\Routing\Pipeline->Laravel\Lumen\Routing\{closure}(Object(Laravel\Lumen\Http\Request))
#16 /usr/share/nginx/html/vendor/illuminate/pipeline/Pipeline.php(163): Illuminate\Session\Middleware\StartSession->handle(Object(Laravel\Lumen\Http\Request), Object(Closure))
#17 [internal function]: Illuminate\Pipeline\Pipeline->Illuminate\Pipeline\{closure}(Object(Laravel\Lumen\Http\Request))
#18 /usr/share/nginx/html/vendor/laravel/lumen-framework/src/Routing/Pipeline.php(32): call_user_func(Object(Closure), Object(Laravel\Lumen\Http\Request))
#19 /usr/share/nginx/html/vendor/illuminate/pipeline/Pipeline.php(104): Laravel\Lumen\Routing\Pipeline->Laravel\Lumen\Routing\{closure}(Object(Laravel\Lumen\Http\Request))
#20 /usr/share/nginx/html/vendor/laravel/lumen-framework/src/Concerns/RoutesRequests.php(413): Illuminate\Pipeline\Pipeline->then(Object(Closure))
#21 /usr/share/nginx/html/vendor/laravel/lumen-framework/src/Concerns/RoutesRequests.php(171): Laravel\Lumen\Application->sendThroughPipeline(Array, Object(Closure))
#22 /usr/share/nginx/html/vendor/laravel/lumen-framework/src/Concerns/RoutesRequests.php(108): Laravel\Lumen\Application->dispatch(NULL)
#23 /usr/share/nginx/html/public/index.php(28): Laravel\Lumen\Application->run()
#24 {main} {"exception":"[object] (ErrorException(code: 0): Undefined variable: _SESSION at /usr/share/nginx/html/app/Http/Controllers/SessionController.php:88)
[stacktrace]
#0 /usr/share/nginx/html/app/Http/Controllers/SessionController.php(88): Laravel\\Lumen\\Application->Laravel\\Lumen\\Concerns\\{closure}(8, 'Undefined varia...', '/usr/share/ngin...', 88, Array)
#1 [internal function]: App\\Http\\Controllers\\SessionController->media('37327866-0741-4...')
#2 /usr/share/nginx/html/vendor/illuminate/container/BoundMethod.php(32): call_user_func_array(Array, Array)
#3 /usr/share/nginx/html/vendor/illuminate/container/BoundMethod.php(90): Illuminate\\Container\\BoundMethod::Illuminate\\Container\\{closure}()
#4 /usr/share/nginx/html/vendor/illuminate/container/BoundMethod.php(34): Illuminate\\Container\\BoundMethod::callBoundMethod(Object(Laravel\\Lumen\\Application), Array, Object(Closure))
#5 /usr/share/nginx/html/vendor/illuminate/container/Container.php(576): Illuminate\\Container\\BoundMethod::call(Object(Laravel\\Lumen\\Application), Array, Array, NULL)
#6 /usr/share/nginx/html/vendor/laravel/lumen-framework/src/Concerns/RoutesRequests.php(376): Illuminate\\Container\\Container->call(Array, Array)
#7 /usr/share/nginx/html/vendor/laravel/lumen-framework/src/Concerns/RoutesRequests.php(342): Laravel\\Lumen\\Application->callControllerCallable(Array, Array)
#8 /usr/share/nginx/html/vendor/laravel/lumen-framework/src/Concerns/RoutesRequests.php(316): Laravel\\Lumen\\Application->callLumenController(Object(App\\Http\\Controllers\\SessionController), 'media', Array)
#9 /usr/share/nginx/html/vendor/laravel/lumen-framework/src/Concerns/RoutesRequests.php(278): Laravel\\Lumen\\Application->callControllerAction(Array)
#10 /usr/share/nginx/html/vendor/laravel/lumen-framework/src/Concerns/RoutesRequests.php(263): Laravel\\Lumen\\Application->callActionOnArrayBasedRoute(Array)
#11 /usr/share/nginx/html/vendor/laravel/lumen-framework/src/Concerns/RoutesRequests.php(233): Laravel\\Lumen\\Application->handleFoundRoute(Array)
#12 /usr/share/nginx/html/vendor/laravel/lumen-framework/src/Concerns/RoutesRequests.php(169): Laravel\\Lumen\\Application->handleDispatcherResponse(Array)
#13 [internal function]: Laravel\\Lumen\\Application->Laravel\\Lumen\\Concerns\\{closure}(Object(Laravel\\Lumen\\Http\\Request))
#14 /usr/share/nginx/html/vendor/laravel/lumen-framework/src/Routing/Pipeline.php(52): call_user_func(Object(Closure), Object(Laravel\\Lumen\\Http\\Request))
#15 /usr/share/nginx/html/vendor/illuminate/session/Middleware/StartSession.php(56): Laravel\\Lumen\\Routing\\Pipeline->Laravel\\Lumen\\Routing\\{closure}(Object(Laravel\\Lumen\\Http\\Request))
#16 /usr/share/nginx/html/vendor/illuminate/pipeline/Pipeline.php(163): Illuminate\\Session\\Middleware\\StartSession->handle(Object(Laravel\\Lumen\\Http\\Request), Object(Closure))
#17 [internal function]: Illuminate\\Pipeline\\Pipeline->Illuminate\\Pipeline\\{closure}(Object(Laravel\\Lumen\\Http\\Request))
#18 /usr/share/nginx/html/vendor/laravel/lumen-framework/src/Routing/Pipeline.php(32): call_user_func(Object(Closure), Object(Laravel\\Lumen\\Http\\Request))
#19 /usr/share/nginx/html/vendor/illuminate/pipeline/Pipeline.php(104): Laravel\\Lumen\\Routing\\Pipeline->Laravel\\Lumen\\Routing\\{closure}(Object(Laravel\\Lumen\\Http\\Request))
#20 /usr/share/nginx/html/vendor/laravel/lumen-framework/src/Concerns/RoutesRequests.php(413): Illuminate\\Pipeline\\Pipeline->then(Object(Closure))
#21 /usr/share/nginx/html/vendor/laravel/lumen-framework/src/Concerns/RoutesRequests.php(171): Laravel\\Lumen\\Application->sendThroughPipeline(Array, Object(Closure))
#22 /usr/share/nginx/html/vendor/laravel/lumen-framework/src/Concerns/RoutesRequests.php(108): Laravel\\Lumen\\Application->dispatch(NULL)
#23 /usr/share/nginx/html/public/index.php(28): Laravel\\Lumen\\Application->run()
#24 {main}
"} 
